modules/heycyan-glasses/android/build/intermediates/manifest_merge_blame_file/debug/processDebugManifest/manifest-merger-blame-debug-report.txt
1<?xml version="1.0" encoding="utf-8"?>
2<manifest xmlns:android="http://schemas.android.com/apk/res/android"
3    package="com.smartglasses.heycyan" >
4
5    <uses-sdk android:minSdkVersion="24" />
6
7    <uses-permission android:name="android.permission.BLUETOOTH" />
7-->src\main\AndroidManifest.xml:2:3-66
7-->src\main\AndroidManifest.xml:2:20-63
8    <uses-permission android:name="android.permission.BLUETOOTH_ADMIN" />
8-->src\main\AndroidManifest.xml:3:3-72
8-->src\main\AndroidManifest.xml:3:20-69
9    <uses-permission android:name="android.permission.BLUETOOTH_SCAN" />
9-->src\main\AndroidManifest.xml:4:3-71
9-->src\main\AndroidManifest.xml:4:20-68
10    <uses-permission android:name="android.permission.BLUETOOTH_CONNECT" />
10-->src\main\AndroidManifest.xml:5:3-74
10-->src\main\AndroidManifest.xml:5:20-71
11    <uses-permission android:name="android.permission.ACCESS_FINE_LOCATION" />
11-->src\main\AndroidManifest.xml:6:3-77
11-->src\main\AndroidManifest.xml:6:20-74
12    <uses-permission android:name="android.permission.ACCESS_COARSE_LOCATION" />
12-->src\main\AndroidManifest.xml:7:3-79
12-->src\main\AndroidManifest.xml:7:20-76
13    <uses-permission android:name="android.permission.NEARBY_WIFI_DEVICES" />
13-->src\main\AndroidManifest.xml:8:3-76
13-->src\main\AndroidManifest.xml:8:20-73
14    <uses-permission android:name="android.permission.INTERNET" />
14-->src\main\AndroidManifest.xml:9:3-65
14-->src\main\AndroidManifest.xml:9:20-62
15
16</manifest>